

Started GET "/forms/sadf" for 127.0.0.1 at 2013-09-24 14:23:34 -0400


Started GET "/forms/sadf" for 127.0.0.1 at 2013-09-24 14:24:19 -0400


Started GET "/forms/sadf" for 127.0.0.1 at 2013-09-24 14:25:57 -0400

ActionController::RoutingError (No route matches [GET] "/forms/sadf"):
  actionpack (4.0.0) lib/action_dispatch/middleware/debug_exceptions.rb:21:in `call'
  actionpack (4.0.0) lib/action_dispatch/middleware/show_exceptions.rb:30:in `call'
  railties (4.0.0) lib/rails/rack/logger.rb:38:in `call_app'
  railties (4.0.0) lib/rails/rack/logger.rb:21:in `block in call'
  activesupport (4.0.0) lib/active_support/tagged_logging.rb:67:in `block in tagged'
  activesupport (4.0.0) lib/active_support/tagged_logging.rb:25:in `tagged'
  activesupport (4.0.0) lib/active_support/tagged_logging.rb:67:in `tagged'
  railties (4.0.0) lib/rails/rack/logger.rb:21:in `call'
  actionpack (4.0.0) lib/action_dispatch/middleware/request_id.rb:21:in `call'
  rack (1.5.2) lib/rack/methodoverride.rb:21:in `call'
  rack (1.5.2) lib/rack/runtime.rb:17:in `call'
  activesupport (4.0.0) lib/active_support/cache/strategy/local_cache.rb:83:in `call'
  rack (1.5.2) lib/rack/lock.rb:17:in `call'
  actionpack (4.0.0) lib/action_dispatch/middleware/static.rb:64:in `call'
  railties (4.0.0) lib/rails/engine.rb:511:in `call'
  railties (4.0.0) lib/rails/application.rb:97:in `call'
  thin (1.5.1) lib/thin/connection.rb:81:in `block in pre_process'
  thin (1.5.1) lib/thin/connection.rb:79:in `catch'
  thin (1.5.1) lib/thin/connection.rb:79:in `pre_process'
  thin (1.5.1) lib/thin/connection.rb:54:in `process'
  thin (1.5.1) lib/thin/connection.rb:39:in `receive_data'
  eventmachine (1.0.3) lib/eventmachine.rb:187:in `run_machine'
  eventmachine (1.0.3) lib/eventmachine.rb:187:in `run'
  thin (1.5.1) lib/thin/backends/base.rb:63:in `start'
  thin (1.5.1) lib/thin/server.rb:159:in `start'
  thin (1.5.1) lib/thin/controllers/controller.rb:86:in `start'
  thin (1.5.1) lib/thin/runner.rb:187:in `run_command'
  thin (1.5.1) lib/thin/runner.rb:152:in `run!'
  thin (1.5.1) bin/thin:6:in `<top (required)>'
  /Users/adamb/.rvm/gems/ruby-2.0.0-p0@formbuilder-rb/bin/thin:23:in `load'
  /Users/adamb/.rvm/gems/ruby-2.0.0-p0@formbuilder-rb/bin/thin:23:in `<main>'
  /Users/adamb/.rvm/gems/ruby-2.0.0-p0@formbuilder-rb/bin/ruby_noexec_wrapper:14:in `eval'
  /Users/adamb/.rvm/gems/ruby-2.0.0-p0@formbuilder-rb/bin/ruby_noexec_wrapper:14:in `<main>'


  Rendered /Users/adamb/.rvm/gems/ruby-2.0.0-p0@formbuilder-rb/gems/actionpack-4.0.0/lib/action_dispatch/middleware/templates/rescues/_trace.erb (1.0ms)
  Rendered /Users/adamb/.rvm/gems/ruby-2.0.0-p0@formbuilder-rb/gems/actionpack-4.0.0/lib/action_dispatch/middleware/templates/routes/_route.html.erb (0.7ms)
  Rendered /Users/adamb/.rvm/gems/ruby-2.0.0-p0@formbuilder-rb/gems/actionpack-4.0.0/lib/action_dispatch/middleware/templates/routes/_table.html.erb (4.5ms)
  Rendered /Users/adamb/.rvm/gems/ruby-2.0.0-p0@formbuilder-rb/gems/actionpack-4.0.0/lib/action_dispatch/middleware/templates/rescues/routing_error.erb within rescues/layout (24.1ms)


Started GET "/forms/1" for 127.0.0.1 at 2013-09-24 14:26:01 -0400

ActionController::RoutingError (No route matches [GET] "/forms/1"):
  actionpack (4.0.0) lib/action_dispatch/middleware/debug_exceptions.rb:21:in `call'
  actionpack (4.0.0) lib/action_dispatch/middleware/show_exceptions.rb:30:in `call'
  railties (4.0.0) lib/rails/rack/logger.rb:38:in `call_app'
  railties (4.0.0) lib/rails/rack/logger.rb:21:in `block in call'
  activesupport (4.0.0) lib/active_support/tagged_logging.rb:67:in `block in tagged'
  activesupport (4.0.0) lib/active_support/tagged_logging.rb:25:in `tagged'
  activesupport (4.0.0) lib/active_support/tagged_logging.rb:67:in `tagged'
  railties (4.0.0) lib/rails/rack/logger.rb:21:in `call'
  actionpack (4.0.0) lib/action_dispatch/middleware/request_id.rb:21:in `call'
  rack (1.5.2) lib/rack/methodoverride.rb:21:in `call'
  rack (1.5.2) lib/rack/runtime.rb:17:in `call'
  activesupport (4.0.0) lib/active_support/cache/strategy/local_cache.rb:83:in `call'
  rack (1.5.2) lib/rack/lock.rb:17:in `call'
  actionpack (4.0.0) lib/action_dispatch/middleware/static.rb:64:in `call'
  railties (4.0.0) lib/rails/engine.rb:511:in `call'
  railties (4.0.0) lib/rails/application.rb:97:in `call'
  thin (1.5.1) lib/thin/connection.rb:81:in `block in pre_process'
  thin (1.5.1) lib/thin/connection.rb:79:in `catch'
  thin (1.5.1) lib/thin/connection.rb:79:in `pre_process'
  thin (1.5.1) lib/thin/connection.rb:54:in `process'
  thin (1.5.1) lib/thin/connection.rb:39:in `receive_data'
  eventmachine (1.0.3) lib/eventmachine.rb:187:in `run_machine'
  eventmachine (1.0.3) lib/eventmachine.rb:187:in `run'
  thin (1.5.1) lib/thin/backends/base.rb:63:in `start'
  thin (1.5.1) lib/thin/server.rb:159:in `start'
  thin (1.5.1) lib/thin/controllers/controller.rb:86:in `start'
  thin (1.5.1) lib/thin/runner.rb:187:in `run_command'
  thin (1.5.1) lib/thin/runner.rb:152:in `run!'
  thin (1.5.1) bin/thin:6:in `<top (required)>'
  /Users/adamb/.rvm/gems/ruby-2.0.0-p0@formbuilder-rb/bin/thin:23:in `load'
  /Users/adamb/.rvm/gems/ruby-2.0.0-p0@formbuilder-rb/bin/thin:23:in `<main>'
  /Users/adamb/.rvm/gems/ruby-2.0.0-p0@formbuilder-rb/bin/ruby_noexec_wrapper:14:in `eval'
  /Users/adamb/.rvm/gems/ruby-2.0.0-p0@formbuilder-rb/bin/ruby_noexec_wrapper:14:in `<main>'


  Rendered /Users/adamb/.rvm/gems/ruby-2.0.0-p0@formbuilder-rb/gems/actionpack-4.0.0/lib/action_dispatch/middleware/templates/rescues/_trace.erb (1.1ms)
  Rendered /Users/adamb/.rvm/gems/ruby-2.0.0-p0@formbuilder-rb/gems/actionpack-4.0.0/lib/action_dispatch/middleware/templates/routes/_route.html.erb (0.8ms)
  Rendered /Users/adamb/.rvm/gems/ruby-2.0.0-p0@formbuilder-rb/gems/actionpack-4.0.0/lib/action_dispatch/middleware/templates/routes/_table.html.erb (0.9ms)
  Rendered /Users/adamb/.rvm/gems/ruby-2.0.0-p0@formbuilder-rb/gems/actionpack-4.0.0/lib/action_dispatch/middleware/templates/rescues/routing_error.erb within rescues/layout (14.3ms)


Started GET "/forms/1" for 127.0.0.1 at 2013-09-24 14:26:15 -0400

ActionController::RoutingError (uninitialized constant ApplicationContoller):
  app/controllers/forms_controller.rb:1:in `<top (required)>'


  Rendered /Users/adamb/.rvm/gems/ruby-2.0.0-p0@formbuilder-rb/gems/actionpack-4.0.0/lib/action_dispatch/middleware/templates/rescues/_trace.erb (1.1ms)
  Rendered /Users/adamb/.rvm/gems/ruby-2.0.0-p0@formbuilder-rb/gems/actionpack-4.0.0/lib/action_dispatch/middleware/templates/routes/_route.html.erb (0.6ms)
  Rendered /Users/adamb/.rvm/gems/ruby-2.0.0-p0@formbuilder-rb/gems/actionpack-4.0.0/lib/action_dispatch/middleware/templates/routes/_table.html.erb (0.9ms)
  Rendered /Users/adamb/.rvm/gems/ruby-2.0.0-p0@formbuilder-rb/gems/actionpack-4.0.0/lib/action_dispatch/middleware/templates/rescues/routing_error.erb within rescues/layout (12.5ms)


Started GET "/forms/1" for 127.0.0.1 at 2013-09-24 14:26:24 -0400
Processing by FormsController#show as HTML
  Parameters: {"id"=>"1"}
Completed 500 Internal Server Error in 2ms

ActionView::MissingTemplate (Missing template forms/show, application/show with {:locale=>[:en], :formats=>[:html], :handlers=>[:erb, :builder, :raw, :ruby]}. Searched in:
  * "/Users/adamb/github/formbuilder-rb/test/dummy/app/views"
):
  actionpack (4.0.0) lib/action_view/path_set.rb:46:in `find'
  actionpack (4.0.0) lib/action_view/lookup_context.rb:115:in `find'
  actionpack (4.0.0) lib/action_view/renderer/abstract_renderer.rb:18:in `find_template'
  actionpack (4.0.0) lib/action_view/renderer/template_renderer.rb:35:in `determine_template'
  actionpack (4.0.0) lib/action_view/renderer/template_renderer.rb:8:in `render'
  actionpack (4.0.0) lib/action_view/renderer/renderer.rb:42:in `render_template'
  actionpack (4.0.0) lib/action_view/renderer/renderer.rb:23:in `render'
  actionpack (4.0.0) lib/abstract_controller/rendering.rb:127:in `_render_template'
  actionpack (4.0.0) lib/action_controller/metal/streaming.rb:219:in `_render_template'
  actionpack (4.0.0) lib/abstract_controller/rendering.rb:120:in `render_to_body'
  actionpack (4.0.0) lib/action_controller/metal/rendering.rb:33:in `render_to_body'
  actionpack (4.0.0) lib/action_controller/metal/renderers.rb:26:in `render_to_body'
  actionpack (4.0.0) lib/abstract_controller/rendering.rb:97:in `render'
  actionpack (4.0.0) lib/action_controller/metal/rendering.rb:16:in `render'
  actionpack (4.0.0) lib/action_controller/metal/instrumentation.rb:41:in `block (2 levels) in render'
  activesupport (4.0.0) lib/active_support/core_ext/benchmark.rb:12:in `block in ms'
  /Users/adamb/.rvm/rubies/ruby-2.0.0-p0/lib/ruby/2.0.0/benchmark.rb:296:in `realtime'
  activesupport (4.0.0) lib/active_support/core_ext/benchmark.rb:12:in `ms'
  actionpack (4.0.0) lib/action_controller/metal/instrumentation.rb:41:in `block in render'
  actionpack (4.0.0) lib/action_controller/metal/instrumentation.rb:84:in `cleanup_view_runtime'
  activerecord (4.0.0) lib/active_record/railties/controller_runtime.rb:25:in `cleanup_view_runtime'
  actionpack (4.0.0) lib/action_controller/metal/instrumentation.rb:40:in `render'
  actionpack (4.0.0) lib/action_controller/metal/implicit_render.rb:10:in `default_render'
  actionpack (4.0.0) lib/action_controller/metal/implicit_render.rb:5:in `send_action'
  actionpack (4.0.0) lib/abstract_controller/base.rb:189:in `process_action'
  actionpack (4.0.0) lib/action_controller/metal/rendering.rb:10:in `process_action'
  actionpack (4.0.0) lib/abstract_controller/callbacks.rb:18:in `block in process_action'
  activesupport (4.0.0) lib/active_support/callbacks.rb:383:in `_run__2985372943152273382__process_action__callbacks'
  activesupport (4.0.0) lib/active_support/callbacks.rb:80:in `run_callbacks'
  actionpack (4.0.0) lib/abstract_controller/callbacks.rb:17:in `process_action'
  actionpack (4.0.0) lib/action_controller/metal/rescue.rb:29:in `process_action'
  actionpack (4.0.0) lib/action_controller/metal/instrumentation.rb:31:in `block in process_action'
  activesupport (4.0.0) lib/active_support/notifications.rb:159:in `block in instrument'
  activesupport (4.0.0) lib/active_support/notifications/instrumenter.rb:20:in `instrument'
  activesupport (4.0.0) lib/active_support/notifications.rb:159:in `instrument'
  actionpack (4.0.0) lib/action_controller/metal/instrumentation.rb:30:in `process_action'
  actionpack (4.0.0) lib/action_controller/metal/params_wrapper.rb:245:in `process_action'
  activerecord (4.0.0) lib/active_record/railties/controller_runtime.rb:18:in `process_action'
  actionpack (4.0.0) lib/abstract_controller/base.rb:136:in `process'
  actionpack (4.0.0) lib/abstract_controller/rendering.rb:44:in `process'
  actionpack (4.0.0) lib/action_controller/metal.rb:195:in `dispatch'
  actionpack (4.0.0) lib/action_controller/metal/rack_delegation.rb:13:in `dispatch'
  actionpack (4.0.0) lib/action_controller/metal.rb:231:in `block in action'
  actionpack (4.0.0) lib/action_dispatch/routing/route_set.rb:80:in `call'
  actionpack (4.0.0) lib/action_dispatch/routing/route_set.rb:80:in `dispatch'
  actionpack (4.0.0) lib/action_dispatch/routing/route_set.rb:48:in `call'
  actionpack (4.0.0) lib/action_dispatch/journey/router.rb:71:in `block in call'
  actionpack (4.0.0) lib/action_dispatch/journey/router.rb:59:in `each'
  actionpack (4.0.0) lib/action_dispatch/journey/router.rb:59:in `call'
  actionpack (4.0.0) lib/action_dispatch/routing/route_set.rb:655:in `call'
  rack (1.5.2) lib/rack/etag.rb:23:in `call'
  rack (1.5.2) lib/rack/conditionalget.rb:25:in `call'
  rack (1.5.2) lib/rack/head.rb:11:in `call'
  actionpack (4.0.0) lib/action_dispatch/middleware/params_parser.rb:27:in `call'
  actionpack (4.0.0) lib/action_dispatch/middleware/flash.rb:241:in `call'
  rack (1.5.2) lib/rack/session/abstract/id.rb:225:in `context'
  rack (1.5.2) lib/rack/session/abstract/id.rb:220:in `call'
  actionpack (4.0.0) lib/action_dispatch/middleware/cookies.rb:486:in `call'
  activerecord (4.0.0) lib/active_record/query_cache.rb:36:in `call'
  activerecord (4.0.0) lib/active_record/connection_adapters/abstract/connection_pool.rb:626:in `call'
  activerecord (4.0.0) lib/active_record/migration.rb:369:in `call'
  actionpack (4.0.0) lib/action_dispatch/middleware/callbacks.rb:29:in `block in call'
  activesupport (4.0.0) lib/active_support/callbacks.rb:373:in `_run__2048031554770473183__call__callbacks'
  activesupport (4.0.0) lib/active_support/callbacks.rb:80:in `run_callbacks'
  actionpack (4.0.0) lib/action_dispatch/middleware/callbacks.rb:27:in `call'
  actionpack (4.0.0) lib/action_dispatch/middleware/reloader.rb:64:in `call'
  actionpack (4.0.0) lib/action_dispatch/middleware/remote_ip.rb:76:in `call'
  actionpack (4.0.0) lib/action_dispatch/middleware/debug_exceptions.rb:17:in `call'
  actionpack (4.0.0) lib/action_dispatch/middleware/show_exceptions.rb:30:in `call'
  railties (4.0.0) lib/rails/rack/logger.rb:38:in `call_app'
  railties (4.0.0) lib/rails/rack/logger.rb:21:in `block in call'
  activesupport (4.0.0) lib/active_support/tagged_logging.rb:67:in `block in tagged'
  activesupport (4.0.0) lib/active_support/tagged_logging.rb:25:in `tagged'
  activesupport (4.0.0) lib/active_support/tagged_logging.rb:67:in `tagged'
  railties (4.0.0) lib/rails/rack/logger.rb:21:in `call'
  actionpack (4.0.0) lib/action_dispatch/middleware/request_id.rb:21:in `call'
  rack (1.5.2) lib/rack/methodoverride.rb:21:in `call'
  rack (1.5.2) lib/rack/runtime.rb:17:in `call'
  activesupport (4.0.0) lib/active_support/cache/strategy/local_cache.rb:83:in `call'
  rack (1.5.2) lib/rack/lock.rb:17:in `call'
  actionpack (4.0.0) lib/action_dispatch/middleware/static.rb:64:in `call'
  railties (4.0.0) lib/rails/engine.rb:511:in `call'
  railties (4.0.0) lib/rails/application.rb:97:in `call'
  thin (1.5.1) lib/thin/connection.rb:81:in `block in pre_process'
  thin (1.5.1) lib/thin/connection.rb:79:in `catch'
  thin (1.5.1) lib/thin/connection.rb:79:in `pre_process'
  thin (1.5.1) lib/thin/connection.rb:54:in `process'
  thin (1.5.1) lib/thin/connection.rb:39:in `receive_data'
  eventmachine (1.0.3) lib/eventmachine.rb:187:in `run_machine'
  eventmachine (1.0.3) lib/eventmachine.rb:187:in `run'
  thin (1.5.1) lib/thin/backends/base.rb:63:in `start'
  thin (1.5.1) lib/thin/server.rb:159:in `start'
  thin (1.5.1) lib/thin/controllers/controller.rb:86:in `start'
  thin (1.5.1) lib/thin/runner.rb:187:in `run_command'
  thin (1.5.1) lib/thin/runner.rb:152:in `run!'
  thin (1.5.1) bin/thin:6:in `<top (required)>'
  /Users/adamb/.rvm/gems/ruby-2.0.0-p0@formbuilder-rb/bin/thin:23:in `load'
  /Users/adamb/.rvm/gems/ruby-2.0.0-p0@formbuilder-rb/bin/thin:23:in `<main>'
  /Users/adamb/.rvm/gems/ruby-2.0.0-p0@formbuilder-rb/bin/ruby_noexec_wrapper:14:in `eval'
  /Users/adamb/.rvm/gems/ruby-2.0.0-p0@formbuilder-rb/bin/ruby_noexec_wrapper:14:in `<main>'


  Rendered /Users/adamb/.rvm/gems/ruby-2.0.0-p0@formbuilder-rb/gems/actionpack-4.0.0/lib/action_dispatch/middleware/templates/rescues/missing_template.erb within rescues/layout (0.4ms)


Started GET "/forms/1" for 127.0.0.1 at 2013-09-24 14:26:35 -0400
Processing by FormsController#show as HTML
  Parameters: {"id"=>"1"}
  Rendered forms/show.html.erb within layouts/application (0.6ms)
Completed 200 OK in 40ms (Views: 39.7ms | ActiveRecord: 0.0ms)


Started GET "/assets/application.css?body=1" for 127.0.0.1 at 2013-09-24 14:26:36 -0400


Started GET "/assets/application.js?body=1" for 127.0.0.1 at 2013-09-24 14:26:36 -0400
  [1m[36m (8.4ms)[0m  [1mCREATE TABLE "schema_migrations" ("version" character varying(255) NOT NULL) [0m
  [1m[35m (2.0ms)[0m  CREATE UNIQUE INDEX "unique_schema_migrations" ON "schema_migrations" ("version")
  [1m[36mActiveRecord::SchemaMigration Load (0.4ms)[0m  [1mSELECT "schema_migrations".* FROM "schema_migrations"[0m
Migrating to CreateForms (20130924182817)
  [1m[35m (0.1ms)[0m  BEGIN
  [1m[36m (2.9ms)[0m  [1mCREATE TABLE "forms" ("id" serial primary key, "formable_id" integer, "formable_type" character varying(255), "created_at" timestamp, "updated_at" timestamp) [0m
  [1m[35mSQL (1.3ms)[0m  INSERT INTO "schema_migrations" ("version") VALUES ($1)  [["version", "20130924182817"]]
  [1m[36m (0.5ms)[0m  [1mCOMMIT[0m
Migrating to CreateEntries (20130924182939)
  [1m[35m (0.4ms)[0m  BEGIN
  [1m[36m (21.9ms)[0m  [1mCREATE EXTENSION IF NOT EXISTS hstore[0m
  [1m[35m (4.1ms)[0m  CREATE TABLE "entries" ("id" serial primary key, "responses" hstore, "responses_text" text, "created_at" timestamp, "updated_at" timestamp) 
  [1m[36mSQL (0.3ms)[0m  [1mINSERT INTO "schema_migrations" ("version") VALUES ($1)[0m  [["version", "20130924182939"]]
  [1m[35m (1.1ms)[0m  COMMIT
Migrating to CreateResponseFields (20130924183036)
  [1m[36m (0.4ms)[0m  [1mBEGIN[0m
  [1m[35m (4.4ms)[0m  CREATE TABLE "response_fields" ("id" serial primary key, "label" text, "type" character varying(255), "field_options" text, "sort_order" integer, "required" boolean DEFAULT 'f', "blind" boolean DEFAULT 'f', "admin_only" boolean DEFAULT 'f', "created_at" timestamp, "updated_at" timestamp) 
  [1m[36mSQL (0.3ms)[0m  [1mINSERT INTO "schema_migrations" ("version") VALUES ($1)[0m  [["version", "20130924183036"]]
  [1m[35m (0.7ms)[0m  COMMIT
  [1m[36mActiveRecord::SchemaMigration Load (0.7ms)[0m  [1mSELECT "schema_migrations".* FROM "schema_migrations"[0m


Started GET "/forms/1" for 127.0.0.1 at 2013-09-24 14:33:14 -0400
  [1m[36mActiveRecord::SchemaMigration Load (0.3ms)[0m  [1mSELECT "schema_migrations".* FROM "schema_migrations"[0m
Processing by FormsController#show as HTML
  Parameters: {"id"=>"1"}
Completed 500 Internal Server Error in 2ms

NameError (uninitialized constant Formbuilder::Form):
  app/models/form.rb:3:in `<class:Form>'
  app/models/form.rb:1:in `<top (required)>'
  app/controllers/forms_controller.rb:4:in `show'


  Rendered /Users/adamb/.rvm/gems/ruby-2.0.0-p0@formbuilder-rb/gems/actionpack-4.0.0/lib/action_dispatch/middleware/templates/rescues/_source.erb (0.7ms)
  Rendered /Users/adamb/.rvm/gems/ruby-2.0.0-p0@formbuilder-rb/gems/actionpack-4.0.0/lib/action_dispatch/middleware/templates/rescues/_trace.erb (1.1ms)
  Rendered /Users/adamb/.rvm/gems/ruby-2.0.0-p0@formbuilder-rb/gems/actionpack-4.0.0/lib/action_dispatch/middleware/templates/rescues/_request_and_response.erb (18.0ms)
  Rendered /Users/adamb/.rvm/gems/ruby-2.0.0-p0@formbuilder-rb/gems/actionpack-4.0.0/lib/action_dispatch/middleware/templates/rescues/diagnostics.erb within rescues/layout (30.2ms)


Started GET "/forms/1" for 127.0.0.1 at 2013-09-24 14:33:15 -0400
Processing by FormsController#show as HTML
  Parameters: {"id"=>"1"}
Completed 500 Internal Server Error in 2ms

NameError (uninitialized constant Formbuilder::Form):
  app/models/form.rb:3:in `<class:Form>'
  app/models/form.rb:1:in `<top (required)>'
  app/controllers/forms_controller.rb:4:in `show'


  Rendered /Users/adamb/.rvm/gems/ruby-2.0.0-p0@formbuilder-rb/gems/actionpack-4.0.0/lib/action_dispatch/middleware/templates/rescues/_source.erb (0.6ms)
  Rendered /Users/adamb/.rvm/gems/ruby-2.0.0-p0@formbuilder-rb/gems/actionpack-4.0.0/lib/action_dispatch/middleware/templates/rescues/_trace.erb (1.0ms)
  Rendered /Users/adamb/.rvm/gems/ruby-2.0.0-p0@formbuilder-rb/gems/actionpack-4.0.0/lib/action_dispatch/middleware/templates/rescues/_request_and_response.erb (1.4ms)
  Rendered /Users/adamb/.rvm/gems/ruby-2.0.0-p0@formbuilder-rb/gems/actionpack-4.0.0/lib/action_dispatch/middleware/templates/rescues/diagnostics.erb within rescues/layout (11.9ms)


Started GET "/forms/1" for 127.0.0.1 at 2013-09-24 14:34:06 -0400
Processing by FormsController#show as HTML
  Parameters: {"id"=>"1"}
Completed 500 Internal Server Error in 2ms

NameError (uninitialized constant Formbuilder::Form):
  app/models/form.rb:3:in `<class:Form>'
  app/models/form.rb:1:in `<top (required)>'
  app/controllers/forms_controller.rb:4:in `show'


  Rendered /Users/adamb/.rvm/gems/ruby-2.0.0-p0@formbuilder-rb/gems/actionpack-4.0.0/lib/action_dispatch/middleware/templates/rescues/_source.erb (0.6ms)
  Rendered /Users/adamb/.rvm/gems/ruby-2.0.0-p0@formbuilder-rb/gems/actionpack-4.0.0/lib/action_dispatch/middleware/templates/rescues/_trace.erb (0.9ms)
  Rendered /Users/adamb/.rvm/gems/ruby-2.0.0-p0@formbuilder-rb/gems/actionpack-4.0.0/lib/action_dispatch/middleware/templates/rescues/_request_and_response.erb (1.9ms)
  Rendered /Users/adamb/.rvm/gems/ruby-2.0.0-p0@formbuilder-rb/gems/actionpack-4.0.0/lib/action_dispatch/middleware/templates/rescues/diagnostics.erb within rescues/layout (12.7ms)


Started GET "/forms/1" for 127.0.0.1 at 2013-09-24 14:34:52 -0400
  [1m[36mActiveRecord::SchemaMigration Load (0.4ms)[0m  [1mSELECT "schema_migrations".* FROM "schema_migrations"[0m
Processing by FormsController#show as HTML
  Parameters: {"id"=>"1"}
  [1m[35mForm Load (1.4ms)[0m  SELECT "forms".* FROM "forms" WHERE "forms"."id" = $1 LIMIT 1  [["id", "1"]]
Completed 404 Not Found in 10ms

ActiveRecord::RecordNotFound (Couldn't find Form with id=1):
  app/controllers/forms_controller.rb:4:in `show'


  Rendered /Users/adamb/.rvm/gems/ruby-2.0.0-p0@formbuilder-rb/gems/actionpack-4.0.0/lib/action_dispatch/middleware/templates/rescues/_source.erb (0.7ms)
  Rendered /Users/adamb/.rvm/gems/ruby-2.0.0-p0@formbuilder-rb/gems/actionpack-4.0.0/lib/action_dispatch/middleware/templates/rescues/_trace.erb (1.0ms)
  Rendered /Users/adamb/.rvm/gems/ruby-2.0.0-p0@formbuilder-rb/gems/actionpack-4.0.0/lib/action_dispatch/middleware/templates/rescues/_request_and_response.erb (17.2ms)
  Rendered /Users/adamb/.rvm/gems/ruby-2.0.0-p0@formbuilder-rb/gems/actionpack-4.0.0/lib/action_dispatch/middleware/templates/rescues/diagnostics.erb within rescues/layout (29.6ms)


Started GET "/forms/1" for 127.0.0.1 at 2013-09-24 14:35:19 -0400
Processing by FormsController#show as HTML
  Parameters: {"id"=>"1"}
  [1m[36mForm Load (0.5ms)[0m  [1mSELECT "forms".* FROM "forms" WHERE "forms"."id" = $1 LIMIT 1[0m  [["id", "1"]]
Completed 404 Not Found in 2ms

ActiveRecord::RecordNotFound (Couldn't find Form with id=1):
  app/controllers/forms_controller.rb:4:in `show'


  Rendered /Users/adamb/.rvm/gems/ruby-2.0.0-p0@formbuilder-rb/gems/actionpack-4.0.0/lib/action_dispatch/middleware/templates/rescues/_source.erb (0.6ms)
  Rendered /Users/adamb/.rvm/gems/ruby-2.0.0-p0@formbuilder-rb/gems/actionpack-4.0.0/lib/action_dispatch/middleware/templates/rescues/_trace.erb (1.0ms)
  Rendered /Users/adamb/.rvm/gems/ruby-2.0.0-p0@formbuilder-rb/gems/actionpack-4.0.0/lib/action_dispatch/middleware/templates/rescues/_request_and_response.erb (1.3ms)
  Rendered /Users/adamb/.rvm/gems/ruby-2.0.0-p0@formbuilder-rb/gems/actionpack-4.0.0/lib/action_dispatch/middleware/templates/rescues/diagnostics.erb within rescues/layout (11.4ms)
  [1m[36m (0.2ms)[0m  [1mBEGIN[0m
  [1m[35mSQL (3.8ms)[0m  INSERT INTO "forms" ("created_at", "updated_at") VALUES ($1, $2) RETURNING "id"  [["created_at", Tue, 24 Sep 2013 18:35:38 UTC +00:00], ["updated_at", Tue, 24 Sep 2013 18:35:38 UTC +00:00]]
  [1m[36m (6.5ms)[0m  [1mCOMMIT[0m


Started GET "/forms/1" for 127.0.0.1 at 2013-09-24 14:35:40 -0400
Processing by FormsController#show as HTML
  Parameters: {"id"=>"1"}
  [1m[35mForm Load (0.6ms)[0m  SELECT "forms".* FROM "forms" WHERE "forms"."id" = $1 LIMIT 1  [["id", "1"]]
Completed 500 Internal Server Error in 19ms

NoMethodError (undefined method `build' for #<Class:0x007ffa73ff05d0>):
  app/controllers/forms_controller.rb:5:in `show'


  Rendered /Users/adamb/.rvm/gems/ruby-2.0.0-p0@formbuilder-rb/gems/actionpack-4.0.0/lib/action_dispatch/middleware/templates/rescues/_source.erb (0.7ms)
  Rendered /Users/adamb/.rvm/gems/ruby-2.0.0-p0@formbuilder-rb/gems/actionpack-4.0.0/lib/action_dispatch/middleware/templates/rescues/_trace.erb (0.9ms)
  Rendered /Users/adamb/.rvm/gems/ruby-2.0.0-p0@formbuilder-rb/gems/actionpack-4.0.0/lib/action_dispatch/middleware/templates/rescues/_request_and_response.erb (1.4ms)
  Rendered /Users/adamb/.rvm/gems/ruby-2.0.0-p0@formbuilder-rb/gems/actionpack-4.0.0/lib/action_dispatch/middleware/templates/rescues/diagnostics.erb within rescues/layout (12.1ms)


Started GET "/forms/1" for 127.0.0.1 at 2013-09-24 14:35:48 -0400
Processing by FormsController#show as HTML
  Parameters: {"id"=>"1"}
  [1m[36mForm Load (0.5ms)[0m  [1mSELECT "forms".* FROM "forms" WHERE "forms"."id" = $1 LIMIT 1[0m  [["id", "1"]]
  Rendered forms/show.html.erb within layouts/application (50.8ms)
Completed 500 Internal Server Error in 89ms

ActionView::Template::Error (uninitialized constant Form::ResponseField):
    1: <%= Formbuilder::FormRenderer.new(@form, @entry).to_html %>
  app/views/forms/show.html.erb:1:in `_app_views_forms_show_html_erb___4547660418699531647_70356820342740'


  Rendered /Users/adamb/.rvm/gems/ruby-2.0.0-p0@formbuilder-rb/gems/actionpack-4.0.0/lib/action_dispatch/middleware/templates/rescues/_trace.erb (1.1ms)
  Rendered /Users/adamb/.rvm/gems/ruby-2.0.0-p0@formbuilder-rb/gems/actionpack-4.0.0/lib/action_dispatch/middleware/templates/rescues/_request_and_response.erb (1.2ms)
  Rendered /Users/adamb/.rvm/gems/ruby-2.0.0-p0@formbuilder-rb/gems/actionpack-4.0.0/lib/action_dispatch/middleware/templates/rescues/template_error.erb within rescues/layout (9.6ms)


Started GET "/forms/1" for 127.0.0.1 at 2013-09-24 14:36:07 -0400
Processing by FormsController#show as HTML
  Parameters: {"id"=>"1"}
  [1m[35mForm Load (0.6ms)[0m  SELECT "forms".* FROM "forms" WHERE "forms"."id" = $1 LIMIT 1  [["id", "1"]]
  Rendered forms/show.html.erb within layouts/application (10.1ms)
Completed 500 Internal Server Error in 15ms

ActionView::Template::Error (uninitialized constant Form::ResponseField):
    1: <%= Formbuilder::FormRenderer.new(@form, @entry).to_html %>
  app/views/forms/show.html.erb:1:in `_app_views_forms_show_html_erb___4547660418699531647_70356820342740'


  Rendered /Users/adamb/.rvm/gems/ruby-2.0.0-p0@formbuilder-rb/gems/actionpack-4.0.0/lib/action_dispatch/middleware/templates/rescues/_trace.erb (1.5ms)
  Rendered /Users/adamb/.rvm/gems/ruby-2.0.0-p0@formbuilder-rb/gems/actionpack-4.0.0/lib/action_dispatch/middleware/templates/rescues/_request_and_response.erb (1.7ms)
  Rendered /Users/adamb/.rvm/gems/ruby-2.0.0-p0@formbuilder-rb/gems/actionpack-4.0.0/lib/action_dispatch/middleware/templates/rescues/template_error.erb within rescues/layout (12.7ms)


Started GET "/forms/1" for 127.0.0.1 at 2013-09-24 14:37:41 -0400
  [1m[36mActiveRecord::SchemaMigration Load (0.9ms)[0m  [1mSELECT "schema_migrations".* FROM "schema_migrations"[0m
Processing by FormsController#show as HTML
  Parameters: {"id"=>"1"}
  [1m[35mForm Load (1.0ms)[0m  SELECT "forms".* FROM "forms" WHERE "forms"."id" = $1 LIMIT 1  [["id", "1"]]
  Rendered forms/show.html.erb within layouts/application (9.8ms)
Completed 500 Internal Server Error in 39ms

ActionView::Template::Error (wrong argument type Class (expected Module)):
    1: <%= Formbuilder::FormRenderer.new(@form, @entry).to_html %>
  app/models/response_field.rb:3:in `include'
  app/models/response_field.rb:3:in `<class:ResponseField>'
  app/models/response_field.rb:1:in `<top (required)>'
  app/views/forms/show.html.erb:1:in `_app_views_forms_show_html_erb___3453567781968387485_70208123953820'


  Rendered /Users/adamb/.rvm/gems/ruby-2.0.0-p0@formbuilder-rb/gems/actionpack-4.0.0/lib/action_dispatch/middleware/templates/rescues/_trace.erb (1.2ms)
  Rendered /Users/adamb/.rvm/gems/ruby-2.0.0-p0@formbuilder-rb/gems/actionpack-4.0.0/lib/action_dispatch/middleware/templates/rescues/_request_and_response.erb (21.0ms)
  Rendered /Users/adamb/.rvm/gems/ruby-2.0.0-p0@formbuilder-rb/gems/actionpack-4.0.0/lib/action_dispatch/middleware/templates/rescues/template_error.erb within rescues/layout (29.0ms)


Started GET "/forms/1" for 127.0.0.1 at 2013-09-24 14:39:05 -0400
  [1m[36mActiveRecord::SchemaMigration Load (0.5ms)[0m  [1mSELECT "schema_migrations".* FROM "schema_migrations"[0m
Processing by FormsController#show as HTML
  Parameters: {"id"=>"1"}
  [1m[35mForm Load (1.4ms)[0m  SELECT "forms".* FROM "forms" WHERE "forms"."id" = $1 LIMIT 1  [["id", "1"]]
  [1m[36mResponseField Load (7.3ms)[0m  [1mSELECT "response_fields".* FROM "response_fields" WHERE "response_fields"."form_id" = $1 ORDER BY sort_order[0m  [[nil, 1]]
PG::UndefinedColumn: ERROR:  column response_fields.form_id does not exist
LINE 1: ..."response_fields".* FROM "response_fields"  WHERE "response_...
                                                             ^
: SELECT "response_fields".* FROM "response_fields"  WHERE "response_fields"."form_id" = $1  ORDER BY sort_order
  Rendered forms/show.html.erb within layouts/application (24.1ms)
Completed 500 Internal Server Error in 79ms

ActionView::Template::Error (PG::UndefinedColumn: ERROR:  column response_fields.form_id does not exist
LINE 1: ..."response_fields".* FROM "response_fields"  WHERE "response_...
                                                             ^
: SELECT "response_fields".* FROM "response_fields"  WHERE "response_fields"."form_id" = $1  ORDER BY sort_order):
    1: <%= Formbuilder::FormRenderer.new(@form, @entry).to_html %>
  app/views/forms/show.html.erb:1:in `_app_views_forms_show_html_erb__1029637506220918807_70205903419320'


  Rendered /Users/adamb/.rvm/gems/ruby-2.0.0-p0@formbuilder-rb/gems/actionpack-4.0.0/lib/action_dispatch/middleware/templates/rescues/_trace.erb (1.2ms)
  Rendered /Users/adamb/.rvm/gems/ruby-2.0.0-p0@formbuilder-rb/gems/actionpack-4.0.0/lib/action_dispatch/middleware/templates/rescues/_request_and_response.erb (19.4ms)
  Rendered /Users/adamb/.rvm/gems/ruby-2.0.0-p0@formbuilder-rb/gems/actionpack-4.0.0/lib/action_dispatch/middleware/templates/rescues/template_error.erb within rescues/layout (28.0ms)
  [1m[36mActiveRecord::SchemaMigration Load (0.5ms)[0m  [1mSELECT "schema_migrations".* FROM "schema_migrations"[0m
  [1m[35mActiveRecord::SchemaMigration Load (0.3ms)[0m  SELECT "schema_migrations".* FROM "schema_migrations"
Migrating to CreateResponseFields (20130924183036)
  [1m[36m (0.2ms)[0m  [1mBEGIN[0m
  [1m[35m (8.7ms)[0m  DROP TABLE "response_fields"
  [1m[36mSQL (0.8ms)[0m  [1mDELETE FROM "schema_migrations" WHERE "schema_migrations"."version" = '20130924183036'[0m
  [1m[35m (0.9ms)[0m  COMMIT
  [1m[36mActiveRecord::SchemaMigration Load (0.4ms)[0m  [1mSELECT "schema_migrations".* FROM "schema_migrations"[0m
  [1m[36mActiveRecord::SchemaMigration Load (0.4ms)[0m  [1mSELECT "schema_migrations".* FROM "schema_migrations"[0m
Migrating to CreateResponseFields (20130924183036)
  [1m[35m (0.2ms)[0m  BEGIN
  [1m[36m (11.8ms)[0m  [1mCREATE TABLE "response_fields" ("id" serial primary key, "form_id" integer, "label" text, "type" character varying(255), "field_options" text, "sort_order" integer, "required" boolean DEFAULT 'f', "blind" boolean DEFAULT 'f', "admin_only" boolean DEFAULT 'f', "created_at" timestamp, "updated_at" timestamp) [0m
  [1m[35mSQL (0.7ms)[0m  INSERT INTO "schema_migrations" ("version") VALUES ($1)  [["version", "20130924183036"]]
  [1m[36m (0.7ms)[0m  [1mCOMMIT[0m
  [1m[35mActiveRecord::SchemaMigration Load (0.3ms)[0m  SELECT "schema_migrations".* FROM "schema_migrations"


Started GET "/forms/1" for 127.0.0.1 at 2013-09-24 14:39:53 -0400
  [1m[36mActiveRecord::SchemaMigration Load (0.4ms)[0m  [1mSELECT "schema_migrations".* FROM "schema_migrations"[0m
Processing by FormsController#show as HTML
  Parameters: {"id"=>"1"}
  [1m[35mForm Load (1.1ms)[0m  SELECT "forms".* FROM "forms" WHERE "forms"."id" = $1 LIMIT 1  [["id", "1"]]
  [1m[36mResponseField Load (2.8ms)[0m  [1mSELECT "response_fields".* FROM "response_fields" WHERE "response_fields"."form_id" = $1 ORDER BY sort_order[0m  [["form_id", 1]]
  Rendered forms/show.html.erb within layouts/application (20.8ms)
Completed 500 Internal Server Error in 73ms

ActionView::Template::Error (undefined method `form_actions' for #<Formbuilder::FormRenderer:0x007fab7d295f88>):
    1: <%= Formbuilder::FormRenderer.new(@form, @entry).to_html %>
  app/views/forms/show.html.erb:1:in `_app_views_forms_show_html_erb__4048669276120727264_70187255076840'


  Rendered /Users/adamb/.rvm/gems/ruby-2.0.0-p0@formbuilder-rb/gems/actionpack-4.0.0/lib/action_dispatch/middleware/templates/rescues/_trace.erb (1.2ms)
  Rendered /Users/adamb/.rvm/gems/ruby-2.0.0-p0@formbuilder-rb/gems/actionpack-4.0.0/lib/action_dispatch/middleware/templates/rescues/_request_and_response.erb (16.8ms)
  Rendered /Users/adamb/.rvm/gems/ruby-2.0.0-p0@formbuilder-rb/gems/actionpack-4.0.0/lib/action_dispatch/middleware/templates/rescues/template_error.erb within rescues/layout (24.7ms)


Started GET "/forms/1" for 127.0.0.1 at 2013-09-24 14:39:56 -0400
Processing by FormsController#show as HTML
  Parameters: {"id"=>"1"}
  [1m[35mForm Load (0.6ms)[0m  SELECT "forms".* FROM "forms" WHERE "forms"."id" = $1 LIMIT 1  [["id", "1"]]
  [1m[36mResponseField Load (0.6ms)[0m  [1mSELECT "response_fields".* FROM "response_fields" WHERE "response_fields"."form_id" = $1 ORDER BY sort_order[0m  [["form_id", 1]]
  Rendered forms/show.html.erb within layouts/application (2.6ms)
Completed 500 Internal Server Error in 6ms

ActionView::Template::Error (undefined method `form_actions' for #<Formbuilder::FormRenderer:0x007fab7ce59ff0>):
    1: <%= Formbuilder::FormRenderer.new(@form, @entry).to_html %>
  app/views/forms/show.html.erb:1:in `_app_views_forms_show_html_erb__4048669276120727264_70187255076840'


  Rendered /Users/adamb/.rvm/gems/ruby-2.0.0-p0@formbuilder-rb/gems/actionpack-4.0.0/lib/action_dispatch/middleware/templates/rescues/_trace.erb (1.4ms)
  Rendered /Users/adamb/.rvm/gems/ruby-2.0.0-p0@formbuilder-rb/gems/actionpack-4.0.0/lib/action_dispatch/middleware/templates/rescues/_request_and_response.erb (1.7ms)
  Rendered /Users/adamb/.rvm/gems/ruby-2.0.0-p0@formbuilder-rb/gems/actionpack-4.0.0/lib/action_dispatch/middleware/templates/rescues/template_error.erb within rescues/layout (10.2ms)


Started GET "/forms/1" for 127.0.0.1 at 2013-09-24 14:40:37 -0400
Processing by FormsController#show as HTML
  Parameters: {"id"=>"1"}
  [1m[35mForm Load (0.5ms)[0m  SELECT "forms".* FROM "forms" WHERE "forms"."id" = $1 LIMIT 1  [["id", "1"]]
  [1m[36mResponseField Load (0.5ms)[0m  [1mSELECT "response_fields".* FROM "response_fields" WHERE "response_fields"."form_id" = $1 ORDER BY sort_order[0m  [["form_id", 1]]
  Rendered forms/show.html.erb within layouts/application (2.3ms)
Completed 500 Internal Server Error in 5ms

ActionView::Template::Error (undefined method `form_actions' for #<Formbuilder::FormRenderer:0x007fab7c3111c0>):
    1: <%= Formbuilder::FormRenderer.new(@form, @entry).to_html %>
  app/views/forms/show.html.erb:1:in `_app_views_forms_show_html_erb__4048669276120727264_70187255076840'


  Rendered /Users/adamb/.rvm/gems/ruby-2.0.0-p0@formbuilder-rb/gems/actionpack-4.0.0/lib/action_dispatch/middleware/templates/rescues/_trace.erb (1.5ms)
  Rendered /Users/adamb/.rvm/gems/ruby-2.0.0-p0@formbuilder-rb/gems/actionpack-4.0.0/lib/action_dispatch/middleware/templates/rescues/_request_and_response.erb (1.3ms)
  Rendered /Users/adamb/.rvm/gems/ruby-2.0.0-p0@formbuilder-rb/gems/actionpack-4.0.0/lib/action_dispatch/middleware/templates/rescues/template_error.erb within rescues/layout (35.1ms)


Started GET "/forms/1" for 127.0.0.1 at 2013-09-24 14:40:38 -0400
Processing by FormsController#show as HTML
  Parameters: {"id"=>"1"}
  [1m[35mForm Load (0.5ms)[0m  SELECT "forms".* FROM "forms" WHERE "forms"."id" = $1 LIMIT 1  [["id", "1"]]
  [1m[36mResponseField Load (0.5ms)[0m  [1mSELECT "response_fields".* FROM "response_fields" WHERE "response_fields"."form_id" = $1 ORDER BY sort_order[0m  [["form_id", 1]]
  Rendered forms/show.html.erb within layouts/application (2.6ms)
Completed 500 Internal Server Error in 6ms

ActionView::Template::Error (undefined method `form_actions' for #<Formbuilder::FormRenderer:0x007fab7b2ecdd0>):
    1: <%= Formbuilder::FormRenderer.new(@form, @entry).to_html %>
  app/views/forms/show.html.erb:1:in `_app_views_forms_show_html_erb__4048669276120727264_70187255076840'


  Rendered /Users/adamb/.rvm/gems/ruby-2.0.0-p0@formbuilder-rb/gems/actionpack-4.0.0/lib/action_dispatch/middleware/templates/rescues/_trace.erb (1.1ms)
  Rendered /Users/adamb/.rvm/gems/ruby-2.0.0-p0@formbuilder-rb/gems/actionpack-4.0.0/lib/action_dispatch/middleware/templates/rescues/_request_and_response.erb (1.4ms)
  Rendered /Users/adamb/.rvm/gems/ruby-2.0.0-p0@formbuilder-rb/gems/actionpack-4.0.0/lib/action_dispatch/middleware/templates/rescues/template_error.erb within rescues/layout (9.4ms)


Started GET "/forms/1" for 127.0.0.1 at 2013-09-24 14:40:43 -0400
  [1m[36mActiveRecord::SchemaMigration Load (0.4ms)[0m  [1mSELECT "schema_migrations".* FROM "schema_migrations"[0m
Processing by FormsController#show as HTML
  Parameters: {"id"=>"1"}
  [1m[35mForm Load (1.2ms)[0m  SELECT "forms".* FROM "forms" WHERE "forms"."id" = $1 LIMIT 1  [["id", "1"]]
  [1m[36mResponseField Load (2.7ms)[0m  [1mSELECT "response_fields".* FROM "response_fields" WHERE "response_fields"."form_id" = $1 ORDER BY sort_order[0m  [["form_id", 1]]
  Rendered forms/show.html.erb within layouts/application (17.8ms)
Completed 200 OK in 99ms (Views: 41.0ms | ActiveRecord: 9.4ms)


Started GET "/assets/application.css?body=1" for 127.0.0.1 at 2013-09-24 14:40:43 -0400


Started GET "/assets/application.js?body=1" for 127.0.0.1 at 2013-09-24 14:40:43 -0400


Started GET "/forms/1" for 127.0.0.1 at 2013-09-24 14:41:13 -0400
Processing by FormsController#show as HTML
  Parameters: {"id"=>"1"}
  [1m[35mForm Load (0.7ms)[0m  SELECT "forms".* FROM "forms" WHERE "forms"."id" = $1 LIMIT 1  [["id", "1"]]
  [1m[36mResponseField Load (0.5ms)[0m  [1mSELECT "response_fields".* FROM "response_fields" WHERE "response_fields"."form_id" = $1 ORDER BY sort_order[0m  [["form_id", 1]]
  Rendered forms/show.html.erb within layouts/application (1.7ms)
Completed 200 OK in 6ms (Views: 3.8ms | ActiveRecord: 1.2ms)


Started GET "/assets/application.css?body=1" for 127.0.0.1 at 2013-09-24 14:41:13 -0400


Started GET "/assets/application.js?body=1" for 127.0.0.1 at 2013-09-24 14:41:13 -0400


Started GET "/" for 127.0.0.1 at 2013-09-24 14:43:35 -0400
  [1m[36mActiveRecord::SchemaMigration Load (0.4ms)[0m  [1mSELECT "schema_migrations".* FROM "schema_migrations"[0m
Processing by Rails::WelcomeController#index as HTML
  Rendered /Users/adamb/.rvm/gems/ruby-2.0.0-p0@formbuilder-rb/gems/railties-4.0.0/lib/rails/templates/rails/welcome/index.html.erb (1.4ms)
Completed 200 OK in 7ms (Views: 7.0ms | ActiveRecord: 0.0ms)


Started GET "/forms/1" for 127.0.0.1 at 2013-09-24 14:43:39 -0400
Processing by FormsController#show as HTML
  Parameters: {"id"=>"1"}
  [1m[35mForm Load (1.4ms)[0m  SELECT "forms".* FROM "forms" WHERE "forms"."id" = $1 LIMIT 1  [["id", "1"]]
  [1m[36mResponseField Load (2.8ms)[0m  [1mSELECT "response_fields".* FROM "response_fields" WHERE "response_fields"."form_id" = $1 ORDER BY sort_order[0m  [["form_id", 1]]
  Rendered forms/show.html.erb within layouts/application (43.1ms)
Completed 200 OK in 98ms (Views: 62.8ms | ActiveRecord: 10.7ms)


Started GET "/assets/application.css?body=1" for 127.0.0.1 at 2013-09-24 14:43:39 -0400


Started GET "/assets/application.js?body=1" for 127.0.0.1 at 2013-09-24 14:43:40 -0400
  [1m[36mActiveRecord::SchemaMigration Load (0.4ms)[0m  [1mSELECT "schema_migrations".* FROM "schema_migrations"[0m


Started GET "/forms/1" for 127.0.0.1 at 2013-09-24 14:43:50 -0400
Processing by FormsController#show as HTML
  Parameters: {"id"=>"1"}
  [1m[35mForm Load (0.6ms)[0m  SELECT "forms".* FROM "forms" WHERE "forms"."id" = $1 LIMIT 1  [["id", "1"]]
  [1m[36mResponseField Load (0.5ms)[0m  [1mSELECT "response_fields".* FROM "response_fields" WHERE "response_fields"."form_id" = $1 ORDER BY sort_order[0m  [["form_id", 1]]
  Rendered forms/show.html.erb within layouts/application (1.9ms)
Completed 200 OK in 7ms (Views: 4.5ms | ActiveRecord: 1.1ms)


Started GET "/assets/application.css?body=1" for 127.0.0.1 at 2013-09-24 14:43:50 -0400


Started GET "/assets/application.js?body=1" for 127.0.0.1 at 2013-09-24 14:43:50 -0400


Started GET "/forms/1" for 127.0.0.1 at 2013-09-24 14:43:51 -0400
Processing by FormsController#show as HTML
  Parameters: {"id"=>"1"}
  [1m[35mForm Load (0.5ms)[0m  SELECT "forms".* FROM "forms" WHERE "forms"."id" = $1 LIMIT 1  [["id", "1"]]
  [1m[36mResponseField Load (0.6ms)[0m  [1mSELECT "response_fields".* FROM "response_fields" WHERE "response_fields"."form_id" = $1 ORDER BY sort_order[0m  [["form_id", 1]]
  Rendered forms/show.html.erb within layouts/application (2.0ms)
Completed 200 OK in 6ms (Views: 4.3ms | ActiveRecord: 1.0ms)




Started GET "/assets/application.css?body=1" for 127.0.0.1 at 2013-09-24 14:43:51 -0400
Started GET "/assets/application.js?body=1" for 127.0.0.1 at 2013-09-24 14:43:51 -0400


Started GET "/forms/1" for 127.0.0.1 at 2013-09-24 14:43:51 -0400
Processing by FormsController#show as HTML
  Parameters: {"id"=>"1"}
  [1m[35mForm Load (0.5ms)[0m  SELECT "forms".* FROM "forms" WHERE "forms"."id" = $1 LIMIT 1  [["id", "1"]]
  [1m[36mResponseField Load (0.4ms)[0m  [1mSELECT "response_fields".* FROM "response_fields" WHERE "response_fields"."form_id" = $1 ORDER BY sort_order[0m  [["form_id", 1]]
  Rendered forms/show.html.erb within layouts/application (1.3ms)
Completed 200 OK in 5ms (Views: 3.3ms | ActiveRecord: 0.9ms)




Started GET "/assets/application.css?body=1" for 127.0.0.1 at 2013-09-24 14:43:51 -0400
Started GET "/assets/application.js?body=1" for 127.0.0.1 at 2013-09-24 14:43:51 -0400


Started GET "/forms/1" for 127.0.0.1 at 2013-09-24 14:43:54 -0400
Processing by FormsController#show as HTML
  Parameters: {"id"=>"1"}
  [1m[35mForm Load (0.6ms)[0m  SELECT "forms".* FROM "forms" WHERE "forms"."id" = $1 LIMIT 1  [["id", "1"]]
  [1m[36mResponseField Load (0.6ms)[0m  [1mSELECT "response_fields".* FROM "response_fields" WHERE "response_fields"."form_id" = $1 ORDER BY sort_order[0m  [["form_id", 1]]
  Rendered forms/show.html.erb within layouts/application (1.5ms)
Completed 200 OK in 6ms (Views: 3.4ms | ActiveRecord: 1.2ms)




Started GET "/assets/application.css?body=1" for 127.0.0.1 at 2013-09-24 14:43:54 -0400
Started GET "/assets/application.js?body=1" for 127.0.0.1 at 2013-09-24 14:43:54 -0400


Started GET "/forms/1" for 127.0.0.1 at 2013-09-24 14:44:50 -0400
Processing by FormsController#show as HTML
  Parameters: {"id"=>"1"}
  [1m[35mForm Load (0.5ms)[0m  SELECT "forms".* FROM "forms" WHERE "forms"."id" = $1 LIMIT 1  [["id", "1"]]
  [1m[36mResponseField Load (0.5ms)[0m  [1mSELECT "response_fields".* FROM "response_fields" WHERE "response_fields"."form_id" = $1 ORDER BY sort_order[0m  [["form_id", 1]]
  Rendered forms/show.html.erb within layouts/application (1.7ms)
Completed 200 OK in 6ms (Views: 3.9ms | ActiveRecord: 1.0ms)




Started GET "/assets/application.css?body=1" for 127.0.0.1 at 2013-09-24 14:44:50 -0400
Started GET "/assets/application.js?body=1" for 127.0.0.1 at 2013-09-24 14:44:50 -0400


Started GET "/forms/1" for 127.0.0.1 at 2013-09-24 14:45:48 -0400
Processing by FormsController#show as HTML
  Parameters: {"id"=>"1"}
  [1m[35mForm Load (0.6ms)[0m  SELECT "forms".* FROM "forms" WHERE "forms"."id" = $1 LIMIT 1  [["id", "1"]]
  [1m[36mResponseField Load (0.4ms)[0m  [1mSELECT "response_fields".* FROM "response_fields" WHERE "response_fields"."form_id" = $1 ORDER BY sort_order[0m  [["form_id", 1]]
  Rendered forms/show.html.erb within layouts/application (1.3ms)
Completed 200 OK in 5ms (Views: 3.5ms | ActiveRecord: 1.0ms)




Started GET "/assets/application.js?body=1" for 127.0.0.1 at 2013-09-24 14:45:49 -0400
Started GET "/assets/application.css?body=1" for 127.0.0.1 at 2013-09-24 14:45:49 -0400


Started GET "/forms/1" for 127.0.0.1 at 2013-09-24 14:53:27 -0400
Processing by FormsController#show as HTML
  Parameters: {"id"=>"1"}
  [1m[35mForm Load (0.4ms)[0m  SELECT "forms".* FROM "forms" WHERE "forms"."id" = $1 LIMIT 1  [["id", "1"]]
  [1m[36mResponseField Load (0.3ms)[0m  [1mSELECT "response_fields".* FROM "response_fields" WHERE "response_fields"."form_id" = $1 ORDER BY sort_order[0m  [["form_id", 1]]
  Rendered forms/show.html.erb within layouts/application (1.6ms)
Completed 200 OK in 6ms (Views: 3.8ms | ActiveRecord: 0.8ms)



Started GET "/assets/application.js?body=1" for 127.0.0.1 at 2013-09-24 14:53:27 -0400

Started GET "/assets/application.css?body=1" for 127.0.0.1 at 2013-09-24 14:53:27 -0400


Started GET "/forms/1" for 127.0.0.1 at 2013-09-24 15:02:06 -0400
Processing by FormsController#show as HTML
  Parameters: {"id"=>"1"}
Completed 500 Internal Server Error in 0ms

NoMethodError (undefined method `find' for Formbuilder::Form:Module):
  app/controllers/forms_controller.rb:4:in `show'


  Rendered /Users/adamb/.rvm/gems/ruby-2.0.0-p0@formbuilder-rb/gems/actionpack-4.0.0/lib/action_dispatch/middleware/templates/rescues/_source.erb (0.8ms)
  Rendered /Users/adamb/.rvm/gems/ruby-2.0.0-p0@formbuilder-rb/gems/actionpack-4.0.0/lib/action_dispatch/middleware/templates/rescues/_trace.erb (1.2ms)
  Rendered /Users/adamb/.rvm/gems/ruby-2.0.0-p0@formbuilder-rb/gems/actionpack-4.0.0/lib/action_dispatch/middleware/templates/rescues/_request_and_response.erb (1.3ms)
  Rendered /Users/adamb/.rvm/gems/ruby-2.0.0-p0@formbuilder-rb/gems/actionpack-4.0.0/lib/action_dispatch/middleware/templates/rescues/diagnostics.erb within rescues/layout (13.8ms)


Started GET "/forms/1" for 127.0.0.1 at 2013-09-24 15:02:11 -0400
Processing by FormsController#show as HTML
  Parameters: {"id"=>"1"}
Completed 500 Internal Server Error in 0ms

NoMethodError (undefined method `find' for Formbuilder::Form:Module):
  app/controllers/forms_controller.rb:4:in `show'


  Rendered /Users/adamb/.rvm/gems/ruby-2.0.0-p0@formbuilder-rb/gems/actionpack-4.0.0/lib/action_dispatch/middleware/templates/rescues/_source.erb (0.6ms)
  Rendered /Users/adamb/.rvm/gems/ruby-2.0.0-p0@formbuilder-rb/gems/actionpack-4.0.0/lib/action_dispatch/middleware/templates/rescues/_trace.erb (1.1ms)
  Rendered /Users/adamb/.rvm/gems/ruby-2.0.0-p0@formbuilder-rb/gems/actionpack-4.0.0/lib/action_dispatch/middleware/templates/rescues/_request_and_response.erb (1.3ms)
  Rendered /Users/adamb/.rvm/gems/ruby-2.0.0-p0@formbuilder-rb/gems/actionpack-4.0.0/lib/action_dispatch/middleware/templates/rescues/diagnostics.erb within rescues/layout (11.9ms)
  [1m[36m (3.1ms)[0m  [1mCREATE TABLE "schema_migrations" ("version" character varying(255) NOT NULL) [0m
  [1m[35m (1.4ms)[0m  CREATE UNIQUE INDEX "unique_schema_migrations" ON "schema_migrations" ("version")
  [1m[36mActiveRecord::SchemaMigration Load (0.4ms)[0m  [1mSELECT "schema_migrations".* FROM "schema_migrations"[0m
Migrating to CreateEntries (20130924182939)
  [1m[35m (0.2ms)[0m  BEGIN
  [1m[36m (19.7ms)[0m  [1mCREATE EXTENSION IF NOT EXISTS hstore[0m
  [1m[35m (4.7ms)[0m  CREATE TABLE "entries" ("id" serial primary key, "responses" hstore, "responses_text" text, "created_at" timestamp, "updated_at" timestamp) 
  [1m[36mSQL (1.1ms)[0m  [1mINSERT INTO "schema_migrations" ("version") VALUES ($1)[0m  [["version", "20130924182939"]]
  [1m[35m (1.5ms)[0m  COMMIT
  [1m[36mActiveRecord::SchemaMigration Load (0.3ms)[0m  [1mSELECT "schema_migrations".* FROM "schema_migrations"[0m
  [1m[36mActiveRecord::SchemaMigration Load (0.4ms)[0m  [1mSELECT "schema_migrations".* FROM "schema_migrations"[0m
Migrating to CreateFormbuilderForms (20130924190436)
  [1m[35m (0.3ms)[0m  BEGIN
  [1m[36m (9.6ms)[0m  [1mCREATE TABLE "formbuilder_forms" ("id" serial primary key, "formable_id" integer, "formable_type" character varying(255), "created_at" timestamp, "updated_at" timestamp) [0m
  [1m[35mSQL (0.8ms)[0m  INSERT INTO "schema_migrations" ("version") VALUES ($1)  [["version", "20130924190436"]]
  [1m[36m (0.5ms)[0m  [1mCOMMIT[0m
Migrating to CreateFormbuilderResponseFields (20130924190437)
  [1m[35m (0.3ms)[0m  BEGIN
  [1m[36m (3.5ms)[0m  [1mCREATE TABLE "formbuilder_response_fields" ("id" serial primary key, "label" text, "type" character varying(255), "field_options" text, "sort_order" integer, "required" boolean DEFAULT 'f', "blind" boolean DEFAULT 'f', "admin_only" boolean DEFAULT 'f', "created_at" timestamp, "updated_at" timestamp) [0m
  [1m[35mSQL (0.3ms)[0m  INSERT INTO "schema_migrations" ("version") VALUES ($1)  [["version", "20130924190437"]]
  [1m[36m (0.5ms)[0m  [1mCOMMIT[0m
  [1m[35mActiveRecord::SchemaMigration Load (0.3ms)[0m  SELECT "schema_migrations".* FROM "schema_migrations"


Started GET "/forms/1" for 127.0.0.1 at 2013-09-24 15:05:05 -0400
  [1m[36mActiveRecord::SchemaMigration Load (0.5ms)[0m  [1mSELECT "schema_migrations".* FROM "schema_migrations"[0m
Processing by FormsController#show as HTML
  Parameters: {"id"=>"1"}
  [1m[35mFormbuilder::Form Load (1.2ms)[0m  SELECT "formbuilder_forms".* FROM "formbuilder_forms" WHERE "formbuilder_forms"."id" = $1 LIMIT 1  [["id", "1"]]
Completed 404 Not Found in 35ms

ActiveRecord::RecordNotFound (Couldn't find Formbuilder::Form with id=1):
  app/controllers/forms_controller.rb:4:in `show'


  Rendered /Users/adamb/.rvm/gems/ruby-2.0.0-p0@formbuilder-rb/gems/actionpack-4.0.0/lib/action_dispatch/middleware/templates/rescues/_source.erb (0.8ms)
  Rendered /Users/adamb/.rvm/gems/ruby-2.0.0-p0@formbuilder-rb/gems/actionpack-4.0.0/lib/action_dispatch/middleware/templates/rescues/_trace.erb (1.0ms)
  Rendered /Users/adamb/.rvm/gems/ruby-2.0.0-p0@formbuilder-rb/gems/actionpack-4.0.0/lib/action_dispatch/middleware/templates/rescues/_request_and_response.erb (16.4ms)
  Rendered /Users/adamb/.rvm/gems/ruby-2.0.0-p0@formbuilder-rb/gems/actionpack-4.0.0/lib/action_dispatch/middleware/templates/rescues/diagnostics.erb within rescues/layout (27.9ms)


Started GET "/forms/1" for 127.0.0.1 at 2013-09-24 15:07:06 -0400
Processing by FormsController#show as HTML
  Parameters: {"id"=>"1"}
  [1m[36mFormbuilder::Form Load (0.5ms)[0m  [1mSELECT "formbuilder_forms".* FROM "formbuilder_forms" WHERE "formbuilder_forms"."id" = $1 LIMIT 1[0m  [["id", "1"]]
Completed 404 Not Found in 2ms

ActiveRecord::RecordNotFound (Couldn't find Formbuilder::Form with id=1):
  app/controllers/forms_controller.rb:4:in `show'


  Rendered /Users/adamb/.rvm/gems/ruby-2.0.0-p0@formbuilder-rb/gems/actionpack-4.0.0/lib/action_dispatch/middleware/templates/rescues/_source.erb (0.6ms)
  Rendered /Users/adamb/.rvm/gems/ruby-2.0.0-p0@formbuilder-rb/gems/actionpack-4.0.0/lib/action_dispatch/middleware/templates/rescues/_trace.erb (1.2ms)
  Rendered /Users/adamb/.rvm/gems/ruby-2.0.0-p0@formbuilder-rb/gems/actionpack-4.0.0/lib/action_dispatch/middleware/templates/rescues/_request_and_response.erb (1.6ms)
  Rendered /Users/adamb/.rvm/gems/ruby-2.0.0-p0@formbuilder-rb/gems/actionpack-4.0.0/lib/action_dispatch/middleware/templates/rescues/diagnostics.erb within rescues/layout (12.6ms)
  [1m[36mActiveRecord::SchemaMigration Load (0.4ms)[0m  [1mSELECT "schema_migrations".* FROM "schema_migrations"[0m
  [1m[35mActiveRecord::SchemaMigration Load (0.2ms)[0m  SELECT "schema_migrations".* FROM "schema_migrations"
  [1m[36m (2.3ms)[0m  [1mCREATE TABLE "schema_migrations" ("version" character varying(255) NOT NULL) [0m
  [1m[35m (1.4ms)[0m  CREATE UNIQUE INDEX "unique_schema_migrations" ON "schema_migrations" ("version")
  [1m[36mActiveRecord::SchemaMigration Load (0.5ms)[0m  [1mSELECT "schema_migrations".* FROM "schema_migrations"[0m
Migrating to CreateEntries (20130924182939)
  [1m[35m (0.2ms)[0m  BEGIN
  [1m[36m (19.2ms)[0m  [1mCREATE EXTENSION IF NOT EXISTS hstore[0m
  [1m[35m (4.7ms)[0m  CREATE TABLE "entries" ("id" serial primary key, "responses" hstore, "responses_text" text, "created_at" timestamp, "updated_at" timestamp) 
  [1m[36mSQL (1.2ms)[0m  [1mINSERT INTO "schema_migrations" ("version") VALUES ($1)[0m  [["version", "20130924182939"]]
  [1m[35m (1.7ms)[0m  COMMIT
Migrating to CreateFormbuilderForms (20130924192151)
  [1m[36m (0.5ms)[0m  [1mBEGIN[0m
  [1m[35m (2.7ms)[0m  CREATE TABLE "formbuilder_forms" ("id" serial primary key, "formable_id" integer, "formable_type" character varying(255), "created_at" timestamp, "updated_at" timestamp) 
  [1m[36mSQL (0.5ms)[0m  [1mINSERT INTO "schema_migrations" ("version") VALUES ($1)[0m  [["version", "20130924192151"]]
  [1m[35m (0.6ms)[0m  COMMIT
Migrating to CreateFormbuilderResponseFields (20130924192152)
  [1m[36m (0.6ms)[0m  [1mBEGIN[0m
  [1m[35m (4.5ms)[0m  CREATE TABLE "formbuilder_response_fields" ("id" serial primary key, "form_id" integer, "label" text, "type" character varying(255), "field_options" text, "sort_order" integer, "required" boolean DEFAULT 'f', "blind" boolean DEFAULT 'f', "admin_only" boolean DEFAULT 'f', "created_at" timestamp, "updated_at" timestamp) 
  [1m[36mSQL (0.3ms)[0m  [1mINSERT INTO "schema_migrations" ("version") VALUES ($1)[0m  [["version", "20130924192152"]]
  [1m[35m (0.5ms)[0m  COMMIT
  [1m[36mActiveRecord::SchemaMigration Load (0.4ms)[0m  [1mSELECT "schema_migrations".* FROM "schema_migrations"[0m
